<?xml version="1.0" encoding="UTF-8"?>
<testng-results ignored="0" total="1" passed="1" failed="0" skipped="0">
  <reporter-output>
  </reporter-output>
  <suite started-at="2023-10-26T16:08:36 GMT-04:00" name="Suite1" finished-at="2023-10-26T16:08:40 GMT-04:00" duration-ms="3889">
    <groups>
    </groups>
    <test started-at="2023-10-26T16:08:36 GMT-04:00" name="Nopackage" finished-at="2023-10-26T16:08:40 GMT-04:00" duration-ms="3889">
      <class name="Tests.RegistrationPage">
        <test-method is-config="true" signature="setup()[pri:0, instance:Tests.RegistrationPage@7d8995e]" started-at="2023-10-26T16:08:36 GMT-04:00" name="setup" finished-at="2023-10-26T16:08:40 GMT-04:00" duration-ms="3526" status="PASS">
          <reporter-output>
          </reporter-output>
        </test-method> <!-- setup -->
        <test-method signature="EnterUserName()[pri:0, instance:Tests.RegistrationPage@7d8995e]" started-at="2023-10-26T16:08:40 GMT-04:00" name="EnterUserName" finished-at="2023-10-26T16:08:40 GMT-04:00" duration-ms="116" status="PASS">
          <reporter-output>
          </reporter-output>
        </test-method> <!-- EnterUserName -->
        <test-method is-config="true" signature="teardown()[pri:0, instance:Tests.RegistrationPage@7d8995e]" started-at="2023-10-26T16:08:40 GMT-04:00" name="teardown" finished-at="2023-10-26T16:08:40 GMT-04:00" duration-ms="223" status="PASS">
          <reporter-output>
          </reporter-output>
        </test-method> <!-- teardown -->
      </class> <!-- Tests.RegistrationPage -->
    </test> <!-- Nopackage -->
  </suite> <!-- Suite1 -->
</testng-results>
